<?xml version="1.0" encoding="UTF-8"?>
<coverage generated="1725532193542" clover="3.2.0">
  <project timestamp="1725532193544" name="All files">
    <metrics statements="15" coveredstatements="9" conditionals="0" coveredconditionals="0" methods="3" coveredmethods="1" elements="18" coveredelements="10" complexity="0" loc="15" ncloc="15" packages="1" files="1" classes="1"/>
    <file name="server.js" path="C:\Users\yohan\OneDrive\Desktop\Dev\חדש\NODEJS\FAK project\server.js">
      <metrics statements="15" coveredstatements="9" conditionals="0" coveredconditionals="0" methods="3" coveredmethods="1"/>
      <line num="1" count="1" type="stmt"/>
      <line num="2" count="1" type="stmt"/>
      <line num="3" count="1" type="stmt"/>
      <line num="5" count="1" type="stmt"/>
      <line num="7" count="1" type="stmt"/>
      <line num="8" count="1" type="stmt"/>
      <line num="17" count="1" type="stmt"/>
      <line num="18" count="0" type="stmt"/>
      <line num="19" count="0" type="stmt"/>
      <line num="20" count="0" type="stmt"/>
      <line num="30" count="0" type="stmt"/>
      <line num="32" count="0" type="stmt"/>
      <line num="36" count="1" type="stmt"/>
      <line num="37" count="0" type="stmt"/>
      <line num="40" count="1" type="stmt"/>
    </file>
  </project>
</coverage>
