{"C:\\Users\\User\\Learning\\Software\\projects\\FAK-project\\server.js": {"path":"C:\\Users\\User\\Learning\\Software\\projects\\FAK-project\\server.js","statementMap":{"0":{"start":{"line":1,"column":16},"end":{"line":1,"column":34}},"1":{"start":{"line":2,"column":12},"end":{"line":2,"column":21}},"2":{"start":{"line":3,"column":13},"end":{"line":3,"column":17}},"3":{"start":{"line":6,"column":0},"end":{"line":19,"column":1}},"4":{"start":{"line":7,"column":4},"end":{"line":18,"column":10}},"5":{"start":{"line":21,"column":0},"end":{"line":31,"column":3}},"6":{"start":{"line":22,"column":15},"end":{"line":22,"column":28}},"7":{"start":{"line":23,"column":4},"end":{"line":30,"column":14}},"8":{"start":{"line":25,"column":16},"end":{"line":25,"column":39}},"9":{"start":{"line":28,"column":16},"end":{"line":28,"column":34}},"10":{"start":{"line":29,"column":16},"end":{"line":29,"column":31}},"11":{"start":{"line":33,"column":0},"end":{"line":35,"column":3}},"12":{"start":{"line":34,"column":4},"end":{"line":34,"column":55}},"13":{"start":{"line":37,"column":0},"end":{"line":37,"column":21}}},"fnMap":{"0":{"name":"(anonymous_0)","decl":{"start":{"line":6,"column":17},"end":{"line":6,"column":18}},"loc":{"start":{"line":6,"column":70},"end":{"line":19,"column":1}},"line":6},"1":{"name":"(anonymous_1)","decl":{"start":{"line":21,"column":24},"end":{"line":21,"column":25}},"loc":{"start":{"line":21,"column":38},"end":{"line":31,"column":1}},"line":21},"2":{"name":"(anonymous_2)","decl":{"start":{"line":24,"column":18},"end":{"line":24,"column":19}},"loc":{"start":{"line":24,"column":28},"end":{"line":26,"column":13}},"line":24},"3":{"name":"(anonymous_3)","decl":{"start":{"line":27,"column":18},"end":{"line":27,"column":19}},"loc":{"start":{"line":27,"column":25},"end":{"line":30,"column":13}},"line":27},"4":{"name":"(anonymous_4)","decl":{"start":{"line":33,"column":17},"end":{"line":33,"column":18}},"loc":{"start":{"line":33,"column":21},"end":{"line":35,"column":1}},"line":33}},"branchMap":{},"s":{"0":1,"1":1,"2":1,"3":1,"4":1,"5":1,"6":1,"7":1,"8":1,"9":1,"10":1,"11":1,"12":1,"13":1},"f":{"0":1,"1":1,"2":1,"3":1,"4":1},"b":{},"_coverageSchema":"1a1c01bbd47fc00a2c39e90264f33305004495a9","hash":"7acab3bc397dda858c2c663688d6043af0cb66df"}
}
